<?xml version="1.0" encoding="UTF-8"?>
<!-- Generated by org.testng.reporters.JUnitReportReporter -->
<testsuite hostname="KaranSonkars-MacBook-Pro.local" failures="0" tests="1" name="com.karan.tests.DemoTest" time="0.061" errors="0" timestamp="2022-08-21T13:33:35 IST" skipped="0">
  <testcase classname="com.karan.tests.DemoTest" name="f" time="0.061"/>
  <system-out/>
</testsuite> <!-- com.karan.tests.DemoTest -->
