<?xml version="1.0" encoding="UTF-8"?>
<!-- Generated by org.testng.reporters.JUnitReportReporter -->
<testsuite hostname="KaranSonkars-MacBook-Pro.local" failures="0" tests="1" name="com.karan.tests.AddUsersTest" time="23.573" errors="0" timestamp="2022-09-03T15:17:53 IST" skipped="0">
  <testcase classname="com.karan.tests.AddUsersTest" name="testAddusers" time="23.573"/>
  <system-out/>
</testsuite> <!-- com.karan.tests.AddUsersTest -->
