<?xml version="1.0" encoding="UTF-8"?>
<!-- Generated by org.testng.reporters.JUnitReportReporter -->
<testsuite hostname="KaranSonkars-MacBook-Pro.local" failures="0" tests="1" name="com.karan.tests.GoogleTitleTest" time="6.378" errors="0" timestamp="2022-09-02T12:56:01 IST" skipped="0">
  <testcase classname="com.karan.tests.GoogleTitleTest" name="f" time="6.378"/>
  <system-out/>
</testsuite> <!-- com.karan.tests.GoogleTitleTest -->
